{"smart_contracts\\SCV_storage_manager.sol":{"l":{"17":0,"21":0,"22":0,"35":0,"38":0,"40":0,"46":0,"50":0,"54":0,"55":0,"56":0,"60":0,"69":0,"76":0,"77":0,"78":0,"79":0,"80":0,"81":0,"83":0,"84":0,"85":0,"86":0,"87":0,"89":0,"94":0,"95":0,"96":0,"97":0,"98":0,"100":0},"path":"C:\\Users\\franc\\Documents\\blockchain_course\\CourseProject\\DApp_blockchain_project\\blockchain_folder\\smart_contracts\\SCV_storage_manager.sol","s":{"1":0,"2":0,"3":0,"4":0,"5":0,"6":0,"7":0,"8":0,"9":0,"10":0,"11":0,"12":0,"13":0,"14":0,"15":0,"16":0,"17":0,"18":0,"19":0,"20":0,"21":0,"22":0,"23":0},"b":{"1":[0,0],"2":[0,0],"3":[0,0],"4":[0,0],"5":[0,0],"6":[0,0],"7":[0,0]},"f":{"1":0,"2":0,"3":0,"4":0,"5":0,"6":0},"fnMap":{"1":{"name":"constructor","line":16,"loc":{"start":{"line":16,"column":4},"end":{"line":18,"column":4}}},"2":{"name":"onlyManager","line":20,"loc":{"start":{"line":20,"column":4},"end":{"line":23,"column":4}}},"3":{"name":"addCertificate","line":33,"loc":{"start":{"line":33,"column":4},"end":{"line":51,"column":4}}},"4":{"name":"getCertificateInfoByHash","line":53,"loc":{"start":{"line":53,"column":4},"end":{"line":70,"column":4}}},"5":{"name":"uint2str","line":75,"loc":{"start":{"line":75,"column":4},"end":{"line":90,"column":4}}},"6":{"name":"bytes32ToHexString","line":93,"loc":{"start":{"line":93,"column":4},"end":{"line":101,"column":4}}}},"statementMap":{"1":{"start":{"line":21,"column":8},"end":{"line":21,"column":62}},"2":{"start":{"line":35,"column":8},"end":{"line":35,"column":53}},"3":{"start":{"line":38,"column":8},"end":{"line":38,"column":87}},"4":{"start":{"line":40,"column":8},"end":{"line":40,"column":1268}},"5":{"start":{"line":50,"column":8},"end":{"line":50,"column":63}},"6":{"start":{"line":54,"column":8},"end":{"line":54,"column":65}},"7":{"start":{"line":55,"column":8},"end":{"line":55,"column":1857}},"8":{"start":{"line":56,"column":12},"end":{"line":56,"column":30}},"9":{"start":{"line":60,"column":8},"end":{"line":60,"column":1990}},"10":{"start":{"line":69,"column":8},"end":{"line":69,"column":31}},"11":{"start":{"line":76,"column":8},"end":{"line":76,"column":31}},"12":{"start":{"line":76,"column":21},"end":{"line":76,"column":31}},"13":{"start":{"line":77,"column":8},"end":{"line":77,"column":22}},"14":{"start":{"line":78,"column":8},"end":{"line":78,"column":22}},"15":{"start":{"line":79,"column":8},"end":{"line":79,"column":2606}},"16":{"start":{"line":83,"column":8},"end":{"line":83,"column":45}},"17":{"start":{"line":84,"column":8},"end":{"line":84,"column":30}},"18":{"start":{"line":85,"column":8},"end":{"line":85,"column":2769}},"19":{"start":{"line":89,"column":8},"end":{"line":89,"column":27}},"20":{"start":{"line":94,"column":8},"end":{"line":94,"column":45}},"21":{"start":{"line":95,"column":8},"end":{"line":95,"column":40}},"22":{"start":{"line":96,"column":8},"end":{"line":96,"column":3151}},"23":{"start":{"line":100,"column":8},"end":{"line":100,"column":26}}},"branchMap":{"1":{"line":21,"type":"if","locations":[{"start":{"line":21,"column":8},"end":{"line":21,"column":8}},{"start":{"line":21,"column":8},"end":{"line":21,"column":8}}]},"2":{"line":33,"type":"if","locations":[{"start":{"line":33,"column":74},"end":{"line":33,"column":74}},{"start":{"line":33,"column":74},"end":{"line":33,"column":74}}]},"3":{"line":35,"type":"if","locations":[{"start":{"line":35,"column":8},"end":{"line":35,"column":8}},{"start":{"line":35,"column":8},"end":{"line":35,"column":8}}]},"4":{"line":38,"type":"if","locations":[{"start":{"line":38,"column":8},"end":{"line":38,"column":8}},{"start":{"line":38,"column":8},"end":{"line":38,"column":8}}]},"5":{"line":53,"type":"if","locations":[{"start":{"line":53,"column":69},"end":{"line":53,"column":69}},{"start":{"line":53,"column":69},"end":{"line":53,"column":69}}]},"6":{"line":55,"type":"if","locations":[{"start":{"line":55,"column":8},"end":{"line":55,"column":8}},{"start":{"line":55,"column":8},"end":{"line":55,"column":8}}]},"7":{"line":76,"type":"if","locations":[{"start":{"line":76,"column":8},"end":{"line":76,"column":8}},{"start":{"line":76,"column":8},"end":{"line":76,"column":8}}]}}},"smart_contracts\\SCV_token_manager.sol":{"l":{"37":0,"38":0,"39":0,"40":0,"41":0,"42":0,"43":0,"45":0,"49":0,"50":0,"56":0,"60":0,"64":0,"68":0,"72":0,"76":0,"82":0,"83":0,"85":0,"86":0,"90":0,"92":0,"93":0,"94":0,"98":0,"99":0,"100":0,"102":0,"103":0,"104":0,"108":0,"109":0,"111":0,"117":0,"118":0,"120":0,"121":0,"123":0,"124":0,"125":0,"131":0,"132":0,"134":0,"135":0,"137":0,"138":0},"path":"C:\\Users\\franc\\Documents\\blockchain_course\\CourseProject\\DApp_blockchain_project\\blockchain_folder\\smart_contracts\\SCV_token_manager.sol","s":{"1":0,"2":0,"3":0,"4":0,"5":0,"6":0,"7":0,"8":0,"9":0,"10":0,"11":0,"12":0,"13":0,"14":0,"15":0,"16":0,"17":0,"18":0,"19":0,"20":0,"21":0,"22":0,"23":0,"24":0,"25":0,"26":0,"27":0,"28":0,"29":0,"30":0,"31":0},"b":{"1":[0,0],"2":[0,0],"3":[0,0],"4":[0,0],"5":[0,0],"6":[0,0],"7":[0,0],"8":[0,0],"9":[0,0],"10":[0,0],"11":[0,0],"12":[0,0],"13":[0,0],"14":[0,0]},"f":{"1":0,"2":0,"3":0,"4":0,"5":0,"6":0,"7":0,"8":0,"9":0,"10":0,"11":0,"12":0,"13":0,"14":0},"fnMap":{"1":{"name":"constructor","line":36,"loc":{"start":{"line":36,"column":4},"end":{"line":46,"column":4}}},"2":{"name":"onlyOwner","line":48,"loc":{"start":{"line":48,"column":4},"end":{"line":51,"column":4}}},"3":{"name":"name","line":55,"loc":{"start":{"line":55,"column":4},"end":{"line":57,"column":4}}},"4":{"name":"symbol","line":59,"loc":{"start":{"line":59,"column":4},"end":{"line":61,"column":4}}},"5":{"name":"decimals","line":63,"loc":{"start":{"line":63,"column":4},"end":{"line":65,"column":4}}},"6":{"name":"totalSupply","line":67,"loc":{"start":{"line":67,"column":4},"end":{"line":69,"column":4}}},"7":{"name":"balanceOf","line":71,"loc":{"start":{"line":71,"column":4},"end":{"line":73,"column":4}}},"8":{"name":"allowance","line":75,"loc":{"start":{"line":75,"column":4},"end":{"line":77,"column":4}}},"9":{"name":"transfer","line":81,"loc":{"start":{"line":81,"column":4},"end":{"line":87,"column":4}}},"10":{"name":"approve","line":89,"loc":{"start":{"line":89,"column":4},"end":{"line":95,"column":4}}},"11":{"name":"transferFrom","line":97,"loc":{"start":{"line":97,"column":4},"end":{"line":105,"column":4}}},"12":{"name":"_transfer","line":107,"loc":{"start":{"line":107,"column":4},"end":{"line":112,"column":4}}},"13":{"name":"mint","line":116,"loc":{"start":{"line":116,"column":4},"end":{"line":126,"column":4}}},"14":{"name":"burn","line":130,"loc":{"start":{"line":130,"column":4},"end":{"line":139,"column":4}}}},"statementMap":{"1":{"start":{"line":37,"column":8},"end":{"line":37,"column":52}},"2":{"start":{"line":45,"column":8},"end":{"line":45,"column":56}},"3":{"start":{"line":49,"column":8},"end":{"line":49,"column":48}},"4":{"start":{"line":56,"column":8},"end":{"line":56,"column":20}},"5":{"start":{"line":60,"column":8},"end":{"line":60,"column":22}},"6":{"start":{"line":64,"column":8},"end":{"line":64,"column":24}},"7":{"start":{"line":68,"column":8},"end":{"line":68,"column":27}},"8":{"start":{"line":72,"column":8},"end":{"line":72,"column":32}},"9":{"start":{"line":76,"column":8},"end":{"line":76,"column":39}},"10":{"start":{"line":82,"column":8},"end":{"line":82,"column":51}},"11":{"start":{"line":83,"column":8},"end":{"line":83,"column":70}},"12":{"start":{"line":85,"column":8},"end":{"line":85,"column":40}},"13":{"start":{"line":86,"column":8},"end":{"line":86,"column":19}},"14":{"start":{"line":90,"column":8},"end":{"line":90,"column":56}},"15":{"start":{"line":93,"column":8},"end":{"line":93,"column":50}},"16":{"start":{"line":94,"column":8},"end":{"line":94,"column":19}},"17":{"start":{"line":98,"column":8},"end":{"line":98,"column":51}},"18":{"start":{"line":99,"column":8},"end":{"line":99,"column":66}},"19":{"start":{"line":100,"column":8},"end":{"line":100,"column":64}},"20":{"start":{"line":103,"column":8},"end":{"line":103,"column":34}},"21":{"start":{"line":104,"column":8},"end":{"line":104,"column":19}},"22":{"start":{"line":111,"column":8},"end":{"line":111,"column":39}},"23":{"start":{"line":117,"column":8},"end":{"line":117,"column":57}},"24":{"start":{"line":118,"column":8},"end":{"line":118,"column":49}},"25":{"start":{"line":123,"column":8},"end":{"line":123,"column":36}},"26":{"start":{"line":124,"column":8},"end":{"line":124,"column":52}},"27":{"start":{"line":125,"column":8},"end":{"line":125,"column":19}},"28":{"start":{"line":131,"column":8},"end":{"line":131,"column":49}},"29":{"start":{"line":132,"column":8},"end":{"line":132,"column":71}},"30":{"start":{"line":137,"column":8},"end":{"line":137,"column":26}},"31":{"start":{"line":138,"column":8},"end":{"line":138,"column":54}}},"branchMap":{"1":{"line":37,"type":"if","locations":[{"start":{"line":37,"column":8},"end":{"line":37,"column":8}},{"start":{"line":37,"column":8},"end":{"line":37,"column":8}}]},"2":{"line":49,"type":"if","locations":[{"start":{"line":49,"column":8},"end":{"line":49,"column":8}},{"start":{"line":49,"column":8},"end":{"line":49,"column":8}}]},"3":{"line":82,"type":"if","locations":[{"start":{"line":82,"column":8},"end":{"line":82,"column":8}},{"start":{"line":82,"column":8},"end":{"line":82,"column":8}}]},"4":{"line":83,"type":"if","locations":[{"start":{"line":83,"column":8},"end":{"line":83,"column":8}},{"start":{"line":83,"column":8},"end":{"line":83,"column":8}}]},"5":{"line":90,"type":"if","locations":[{"start":{"line":90,"column":8},"end":{"line":90,"column":8}},{"start":{"line":90,"column":8},"end":{"line":90,"column":8}}]},"6":{"line":98,"type":"if","locations":[{"start":{"line":98,"column":8},"end":{"line":98,"column":8}},{"start":{"line":98,"column":8},"end":{"line":98,"column":8}}]},"7":{"line":99,"type":"if","locations":[{"start":{"line":99,"column":8},"end":{"line":99,"column":8}},{"start":{"line":99,"column":8},"end":{"line":99,"column":8}}]},"8":{"line":100,"type":"if","locations":[{"start":{"line":100,"column":8},"end":{"line":100,"column":8}},{"start":{"line":100,"column":8},"end":{"line":100,"column":8}}]},"9":{"line":116,"type":"if","locations":[{"start":{"line":116,"column":71},"end":{"line":116,"column":71}},{"start":{"line":116,"column":71},"end":{"line":116,"column":71}}]},"10":{"line":117,"type":"if","locations":[{"start":{"line":117,"column":8},"end":{"line":117,"column":8}},{"start":{"line":117,"column":8},"end":{"line":117,"column":8}}]},"11":{"line":118,"type":"if","locations":[{"start":{"line":118,"column":8},"end":{"line":118,"column":8}},{"start":{"line":118,"column":8},"end":{"line":118,"column":8}}]},"12":{"line":130,"type":"if","locations":[{"start":{"line":130,"column":44},"end":{"line":130,"column":44}},{"start":{"line":130,"column":44},"end":{"line":130,"column":44}}]},"13":{"line":131,"type":"if","locations":[{"start":{"line":131,"column":8},"end":{"line":131,"column":8}},{"start":{"line":131,"column":8},"end":{"line":131,"column":8}}]},"14":{"line":132,"type":"if","locations":[{"start":{"line":132,"column":8},"end":{"line":132,"column":8}},{"start":{"line":132,"column":8},"end":{"line":132,"column":8}}]}}},"smart_contracts\\SCV_UI_manager.sol":{"l":{"26":0,"27":0,"29":0,"34":0,"35":0,"39":0,"40":0,"45":0,"46":0,"47":0,"51":0,"52":0,"53":0,"58":0,"59":0,"60":0,"69":0,"70":0,"71":0,"74":0,"78":0},"path":"C:\\Users\\franc\\Documents\\blockchain_course\\CourseProject\\DApp_blockchain_project\\blockchain_folder\\smart_contracts\\SCV_UI_manager.sol","s":{"1":0,"2":0,"3":0,"4":0,"5":0,"6":0,"7":0,"8":0,"9":0,"10":0,"11":0,"12":0,"13":0,"14":0},"b":{"1":[0,0],"2":[0,0],"3":[0,0],"4":[0,0],"5":[0,0],"6":[0,0],"7":[0,0],"8":[0,0],"9":[0,0],"10":[0,0],"11":[0,0],"12":[0,0],"13":[0,0]},"f":{"1":0,"2":0,"3":0,"4":0,"5":0,"6":0,"7":0},"fnMap":{"1":{"name":"constructor","line":25,"loc":{"start":{"line":25,"column":4},"end":{"line":30,"column":4}}},"2":{"name":"onlyOwner","line":33,"loc":{"start":{"line":33,"column":4},"end":{"line":36,"column":4}}},"3":{"name":"onlyWhitelistedEntity","line":38,"loc":{"start":{"line":38,"column":4},"end":{"line":41,"column":4}}},"4":{"name":"addWhiteListEntity","line":44,"loc":{"start":{"line":44,"column":4},"end":{"line":48,"column":4}}},"5":{"name":"removeWhiteListEntity","line":50,"loc":{"start":{"line":50,"column":4},"end":{"line":54,"column":4}}},"6":{"name":"setStorageManager","line":57,"loc":{"start":{"line":57,"column":4},"end":{"line":61,"column":4}}},"7":{"name":"storeCertificate","line":68,"loc":{"start":{"line":64,"column":4},"end":{"line":79,"column":4}}}},"statementMap":{"1":{"start":{"line":26,"column":8},"end":{"line":26,"column":61}},"2":{"start":{"line":34,"column":8},"end":{"line":34,"column":49}},"3":{"start":{"line":39,"column":8},"end":{"line":39,"column":75}},"4":{"start":{"line":45,"column":8},"end":{"line":45,"column":56}},"5":{"start":{"line":47,"column":8},"end":{"line":47,"column":19}},"6":{"start":{"line":51,"column":8},"end":{"line":51,"column":73}},"7":{"start":{"line":53,"column":8},"end":{"line":53,"column":19}},"8":{"start":{"line":58,"column":8},"end":{"line":58,"column":87}},"9":{"start":{"line":60,"column":8},"end":{"line":60,"column":19}},"10":{"start":{"line":69,"column":8},"end":{"line":69,"column":56}},"11":{"start":{"line":70,"column":8},"end":{"line":70,"column":55}},"12":{"start":{"line":71,"column":8},"end":{"line":71,"column":62}},"13":{"start":{"line":74,"column":8},"end":{"line":74,"column":64}},"14":{"start":{"line":78,"column":8},"end":{"line":78,"column":19}}},"branchMap":{"1":{"line":26,"type":"if","locations":[{"start":{"line":26,"column":8},"end":{"line":26,"column":8}},{"start":{"line":26,"column":8},"end":{"line":26,"column":8}}]},"2":{"line":34,"type":"if","locations":[{"start":{"line":34,"column":8},"end":{"line":34,"column":8}},{"start":{"line":34,"column":8},"end":{"line":34,"column":8}}]},"3":{"line":39,"type":"if","locations":[{"start":{"line":39,"column":8},"end":{"line":39,"column":8}},{"start":{"line":39,"column":8},"end":{"line":39,"column":8}}]},"4":{"line":44,"type":"if","locations":[{"start":{"line":44,"column":58},"end":{"line":44,"column":58}},{"start":{"line":44,"column":58},"end":{"line":44,"column":58}}]},"5":{"line":45,"type":"if","locations":[{"start":{"line":45,"column":8},"end":{"line":45,"column":8}},{"start":{"line":45,"column":8},"end":{"line":45,"column":8}}]},"6":{"line":50,"type":"if","locations":[{"start":{"line":50,"column":61},"end":{"line":50,"column":61}},{"start":{"line":50,"column":61},"end":{"line":50,"column":61}}]},"7":{"line":51,"type":"if","locations":[{"start":{"line":51,"column":8},"end":{"line":51,"column":8}},{"start":{"line":51,"column":8},"end":{"line":51,"column":8}}]},"8":{"line":57,"type":"if","locations":[{"start":{"line":57,"column":72},"end":{"line":57,"column":72}},{"start":{"line":57,"column":72},"end":{"line":57,"column":72}}]},"9":{"line":58,"type":"if","locations":[{"start":{"line":58,"column":8},"end":{"line":58,"column":8}},{"start":{"line":58,"column":8},"end":{"line":58,"column":8}}]},"10":{"line":68,"type":"if","locations":[{"start":{"line":68,"column":13},"end":{"line":68,"column":13}},{"start":{"line":68,"column":13},"end":{"line":68,"column":13}}]},"11":{"line":69,"type":"if","locations":[{"start":{"line":69,"column":8},"end":{"line":69,"column":8}},{"start":{"line":69,"column":8},"end":{"line":69,"column":8}}]},"12":{"line":70,"type":"if","locations":[{"start":{"line":70,"column":8},"end":{"line":70,"column":8}},{"start":{"line":70,"column":8},"end":{"line":70,"column":8}}]},"13":{"line":71,"type":"if","locations":[{"start":{"line":71,"column":8},"end":{"line":71,"column":8}},{"start":{"line":71,"column":8},"end":{"line":71,"column":8}}]}}}}