{"smart_contracts/SCV_storage_manager.sol":{"l":{"22":0,"23":0,"24":0,"26":0,"28":0,"29":0,"33":0,"41":0,"42":0,"58":0,"61":0,"63":0,"69":0,"72":0,"73":0,"76":0,"80":0,"84":0,"85":0,"86":0,"87":0,"90":0,"92":0,"94":0,"95":0,"97":0,"100":0,"105":0,"118":0,"119":0,"122":0,"124":0,"125":0,"126":0,"128":0,"129":0,"144":0,"145":0,"148":0,"152":0,"160":0,"161":0,"164":0,"165":0,"166":0,"167":0,"168":0,"171":0,"172":0,"174":0,"175":0,"176":0,"177":0,"180":0,"186":0,"187":0,"188":0,"189":0,"190":0,"192":0},"path":"/Users/enricotenuti/Desktop/sc/blockchain_folder/smart_contracts/SCV_storage_manager.sol","s":{"1":0,"2":0,"3":0,"4":0,"5":0,"6":0,"7":0,"8":0,"9":0,"10":0,"11":0,"12":0,"13":0,"14":0,"15":0,"16":0,"17":0,"18":0,"19":0,"20":0,"21":0,"22":0,"23":0,"24":0,"25":0,"26":0,"27":0,"28":0,"29":0,"30":0,"31":0,"32":0,"33":0,"34":0,"35":0,"36":0,"37":0,"38":0,"39":0,"40":0,"41":0,"42":0},"b":{"1":[0,0],"2":[0,0],"3":[0,0],"4":[0,0],"5":[0,0],"6":[0,0],"7":[0,0],"8":[0,0],"9":[0,0],"10":[0,0],"11":[0,0],"12":[0,0],"13":[0,0],"14":[0,0],"15":[0,0],"16":[0,0]},"f":{"1":0,"2":0,"3":0,"4":0,"5":0,"6":0,"7":0,"8":0,"9":0},"fnMap":{"1":{"name":"constructor","line":21,"loc":{"start":{"line":21,"column":4},"end":{"line":38,"column":4}}},"2":{"name":"onlyOwner","line":40,"loc":{"start":{"line":40,"column":4},"end":{"line":43,"column":4}}},"3":{"name":"addCertificate","line":56,"loc":{"start":{"line":56,"column":4},"end":{"line":81,"column":4}}},"4":{"name":"getCertificateInfoByHash","line":83,"loc":{"start":{"line":83,"column":4},"end":{"line":101,"column":4}}},"5":{"name":"buildCertInfoString","line":104,"loc":{"start":{"line":104,"column":4},"end":{"line":115,"column":4}}},"6":{"name":"getAllCertificates","line":117,"loc":{"start":{"line":117,"column":4},"end":{"line":149,"column":4}}},"7":{"name":"getCertificateCount","line":151,"loc":{"start":{"line":151,"column":4},"end":{"line":153,"column":4}}},"8":{"name":"uint2str","line":159,"loc":{"start":{"line":159,"column":4},"end":{"line":181,"column":0}}},"9":{"name":"bytes32ToHexString","line":185,"loc":{"start":{"line":185,"column":4},"end":{"line":193,"column":4}}}},"statementMap":{"1":{"start":{"line":23,"column":8},"end":{"line":23,"column":62}},"2":{"start":{"line":28,"column":8},"end":{"line":28,"column":1012}},"3":{"start":{"line":41,"column":8},"end":{"line":41,"column":53}},"4":{"start":{"line":58,"column":8},"end":{"line":58,"column":53}},"5":{"start":{"line":61,"column":8},"end":{"line":61,"column":87}},"6":{"start":{"line":63,"column":8},"end":{"line":63,"column":2110}},"7":{"start":{"line":76,"column":8},"end":{"line":76,"column":64}},"8":{"start":{"line":80,"column":8},"end":{"line":80,"column":63}},"9":{"start":{"line":84,"column":8},"end":{"line":84,"column":65}},"10":{"start":{"line":85,"column":8},"end":{"line":85,"column":59}},"11":{"start":{"line":86,"column":8},"end":{"line":86,"column":74}},"12":{"start":{"line":87,"column":8},"end":{"line":87,"column":79}},"13":{"start":{"line":90,"column":8},"end":{"line":90,"column":55}},"14":{"start":{"line":92,"column":8},"end":{"line":92,"column":30}},"15":{"start":{"line":94,"column":8},"end":{"line":94,"column":3363}},"16":{"start":{"line":97,"column":12},"end":{"line":97,"column":68}},"17":{"start":{"line":100,"column":8},"end":{"line":100,"column":31}},"18":{"start":{"line":105,"column":8},"end":{"line":105,"column":3788}},"19":{"start":{"line":118,"column":8},"end":{"line":118,"column":4169}},"20":{"start":{"line":119,"column":12},"end":{"line":119,"column":42}},"21":{"start":{"line":122,"column":8},"end":{"line":122,"column":35}},"22":{"start":{"line":124,"column":8},"end":{"line":124,"column":4299}},"23":{"start":{"line":125,"column":12},"end":{"line":125,"column":48}},"24":{"start":{"line":126,"column":12},"end":{"line":126,"column":68}},"25":{"start":{"line":128,"column":12},"end":{"line":128,"column":4485}},"26":{"start":{"line":144,"column":8},"end":{"line":144,"column":4981}},"27":{"start":{"line":145,"column":12},"end":{"line":145,"column":42}},"28":{"start":{"line":148,"column":8},"end":{"line":148,"column":23}},"29":{"start":{"line":152,"column":8},"end":{"line":152,"column":31}},"30":{"start":{"line":160,"column":4},"end":{"line":160,"column":5403}},"31":{"start":{"line":161,"column":8},"end":{"line":161,"column":18}},"32":{"start":{"line":164,"column":4},"end":{"line":164,"column":21}},"33":{"start":{"line":165,"column":4},"end":{"line":165,"column":22}},"34":{"start":{"line":166,"column":4},"end":{"line":166,"column":5496}},"35":{"start":{"line":171,"column":4},"end":{"line":171,"column":41}},"36":{"start":{"line":172,"column":4},"end":{"line":172,"column":22}},"37":{"start":{"line":174,"column":4},"end":{"line":174,"column":5633}},"38":{"start":{"line":180,"column":4},"end":{"line":180,"column":23}},"39":{"start":{"line":186,"column":8},"end":{"line":186,"column":45}},"40":{"start":{"line":187,"column":8},"end":{"line":187,"column":40}},"41":{"start":{"line":188,"column":8},"end":{"line":188,"column":6001}},"42":{"start":{"line":192,"column":8},"end":{"line":192,"column":26}}},"branchMap":{"1":{"line":23,"type":"if","locations":[{"start":{"line":23,"column":8},"end":{"line":23,"column":8}},{"start":{"line":23,"column":8},"end":{"line":23,"column":8}}]},"2":{"line":41,"type":"if","locations":[{"start":{"line":41,"column":8},"end":{"line":41,"column":8}},{"start":{"line":41,"column":8},"end":{"line":41,"column":8}}]},"3":{"line":56,"type":"if","locations":[{"start":{"line":56,"column":74},"end":{"line":56,"column":74}},{"start":{"line":56,"column":74},"end":{"line":56,"column":74}}]},"4":{"line":58,"type":"if","locations":[{"start":{"line":58,"column":8},"end":{"line":58,"column":8}},{"start":{"line":58,"column":8},"end":{"line":58,"column":8}}]},"5":{"line":61,"type":"if","locations":[{"start":{"line":61,"column":8},"end":{"line":61,"column":8}},{"start":{"line":61,"column":8},"end":{"line":61,"column":8}}]},"6":{"line":83,"type":"if","locations":[{"start":{"line":83,"column":69},"end":{"line":83,"column":69}},{"start":{"line":83,"column":69},"end":{"line":83,"column":69}}]},"7":{"line":85,"type":"if","locations":[{"start":{"line":85,"column":8},"end":{"line":85,"column":8}},{"start":{"line":85,"column":8},"end":{"line":85,"column":8}}]},"8":{"line":86,"type":"if","locations":[{"start":{"line":86,"column":8},"end":{"line":86,"column":8}},{"start":{"line":86,"column":8},"end":{"line":86,"column":8}}]},"9":{"line":87,"type":"if","locations":[{"start":{"line":87,"column":8},"end":{"line":87,"column":8}},{"start":{"line":87,"column":8},"end":{"line":87,"column":8}}]},"10":{"line":90,"type":"if","locations":[{"start":{"line":90,"column":8},"end":{"line":90,"column":8}},{"start":{"line":90,"column":8},"end":{"line":90,"column":8}}]},"11":{"line":117,"type":"if","locations":[{"start":{"line":117,"column":46},"end":{"line":117,"column":46}},{"start":{"line":117,"column":46},"end":{"line":117,"column":46}}]},"12":{"line":118,"type":"if","locations":[{"start":{"line":118,"column":8},"end":{"line":118,"column":8}},{"start":{"line":118,"column":8},"end":{"line":118,"column":8}}]},"13":{"line":128,"type":"if","locations":[{"start":{"line":128,"column":12},"end":{"line":128,"column":12}},{"start":{"line":128,"column":12},"end":{"line":128,"column":12}}]},"14":{"line":144,"type":"if","locations":[{"start":{"line":144,"column":8},"end":{"line":144,"column":8}},{"start":{"line":144,"column":8},"end":{"line":144,"column":8}}]},"15":{"line":151,"type":"if","locations":[{"start":{"line":151,"column":47},"end":{"line":151,"column":47}},{"start":{"line":151,"column":47},"end":{"line":151,"column":47}}]},"16":{"line":160,"type":"if","locations":[{"start":{"line":160,"column":4},"end":{"line":160,"column":4}},{"start":{"line":160,"column":4},"end":{"line":160,"column":4}}]}}},"smart_contracts/SCV_token_manager.sol":{"l":{"39":0,"40":0,"41":0,"42":0,"43":0,"44":0,"45":0,"46":0,"48":0,"52":0,"53":0,"59":0,"63":0,"67":0,"71":0,"75":0,"79":0,"85":0,"86":0,"88":0,"89":0,"93":0,"95":0,"96":0,"97":0,"101":0,"102":0,"103":0,"104":0,"106":0,"107":0,"108":0,"111":0,"112":0,"116":0,"117":0,"119":0,"125":0,"126":0,"128":0,"129":0,"131":0,"132":0,"133":0,"139":0,"140":0,"142":0,"143":0,"145":0,"146":0,"147":0},"path":"/Users/enricotenuti/Desktop/sc/blockchain_folder/smart_contracts/SCV_token_manager.sol","s":{"1":0,"2":0,"3":0,"4":0,"5":0,"6":0,"7":0,"8":0,"9":0,"10":0,"11":0,"12":0,"13":0,"14":0,"15":0,"16":0,"17":0,"18":0,"19":0,"20":0,"21":0,"22":0,"23":0,"24":0,"25":0,"26":0,"27":0,"28":0,"29":0,"30":0,"31":0,"32":0,"33":0,"34":0,"35":0,"36":0},"b":{"1":[0,0],"2":[0,0],"3":[0,0],"4":[0,0],"5":[0,0],"6":[0,0],"7":[0,0],"8":[0,0],"9":[0,0],"10":[0,0],"11":[0,0],"12":[0,0],"13":[0,0],"14":[0,0],"15":[0,0],"16":[0,0],"17":[0,0],"18":[0,0]},"f":{"1":0,"2":0,"3":0,"4":0,"5":0,"6":0,"7":0,"8":0,"9":0,"10":0,"11":0,"12":0,"13":0,"14":0},"fnMap":{"1":{"name":"constructor","line":38,"loc":{"start":{"line":38,"column":4},"end":{"line":49,"column":4}}},"2":{"name":"onlyOwner","line":51,"loc":{"start":{"line":51,"column":4},"end":{"line":54,"column":4}}},"3":{"name":"name","line":58,"loc":{"start":{"line":58,"column":4},"end":{"line":60,"column":4}}},"4":{"name":"symbol","line":62,"loc":{"start":{"line":62,"column":4},"end":{"line":64,"column":4}}},"5":{"name":"decimals","line":66,"loc":{"start":{"line":66,"column":4},"end":{"line":68,"column":4}}},"6":{"name":"totalSupply","line":70,"loc":{"start":{"line":70,"column":4},"end":{"line":72,"column":4}}},"7":{"name":"balanceOf","line":74,"loc":{"start":{"line":74,"column":4},"end":{"line":76,"column":4}}},"8":{"name":"allowance","line":78,"loc":{"start":{"line":78,"column":4},"end":{"line":80,"column":4}}},"9":{"name":"transfer","line":84,"loc":{"start":{"line":84,"column":4},"end":{"line":90,"column":4}}},"10":{"name":"approve","line":92,"loc":{"start":{"line":92,"column":4},"end":{"line":98,"column":4}}},"11":{"name":"transferFrom","line":100,"loc":{"start":{"line":100,"column":4},"end":{"line":113,"column":4}}},"12":{"name":"_transfer","line":115,"loc":{"start":{"line":115,"column":4},"end":{"line":120,"column":4}}},"13":{"name":"mint","line":124,"loc":{"start":{"line":124,"column":4},"end":{"line":134,"column":4}}},"14":{"name":"burn","line":138,"loc":{"start":{"line":138,"column":4},"end":{"line":148,"column":4}}}},"statementMap":{"1":{"start":{"line":39,"column":8},"end":{"line":39,"column":52}},"2":{"start":{"line":45,"column":8},"end":{"line":45,"column":73}},"3":{"start":{"line":48,"column":8},"end":{"line":48,"column":56}},"4":{"start":{"line":52,"column":8},"end":{"line":52,"column":48}},"5":{"start":{"line":59,"column":8},"end":{"line":59,"column":20}},"6":{"start":{"line":63,"column":8},"end":{"line":63,"column":22}},"7":{"start":{"line":67,"column":8},"end":{"line":67,"column":24}},"8":{"start":{"line":71,"column":8},"end":{"line":71,"column":27}},"9":{"start":{"line":75,"column":8},"end":{"line":75,"column":32}},"10":{"start":{"line":79,"column":8},"end":{"line":79,"column":39}},"11":{"start":{"line":85,"column":8},"end":{"line":85,"column":51}},"12":{"start":{"line":86,"column":8},"end":{"line":86,"column":70}},"13":{"start":{"line":88,"column":8},"end":{"line":88,"column":40}},"14":{"start":{"line":89,"column":8},"end":{"line":89,"column":19}},"15":{"start":{"line":93,"column":8},"end":{"line":93,"column":56}},"16":{"start":{"line":96,"column":8},"end":{"line":96,"column":50}},"17":{"start":{"line":97,"column":8},"end":{"line":97,"column":19}},"18":{"start":{"line":101,"column":8},"end":{"line":101,"column":58}},"19":{"start":{"line":102,"column":8},"end":{"line":102,"column":54}},"20":{"start":{"line":103,"column":8},"end":{"line":103,"column":92}},"21":{"start":{"line":104,"column":8},"end":{"line":104,"column":64}},"22":{"start":{"line":106,"column":8},"end":{"line":106,"column":3996}},"23":{"start":{"line":108,"column":12},"end":{"line":108,"column":70}},"24":{"start":{"line":111,"column":8},"end":{"line":111,"column":34}},"25":{"start":{"line":112,"column":8},"end":{"line":112,"column":19}},"26":{"start":{"line":119,"column":8},"end":{"line":119,"column":39}},"27":{"start":{"line":125,"column":8},"end":{"line":125,"column":57}},"28":{"start":{"line":126,"column":8},"end":{"line":126,"column":49}},"29":{"start":{"line":131,"column":8},"end":{"line":131,"column":36}},"30":{"start":{"line":132,"column":8},"end":{"line":132,"column":46}},"31":{"start":{"line":133,"column":8},"end":{"line":133,"column":19}},"32":{"start":{"line":139,"column":8},"end":{"line":139,"column":56}},"33":{"start":{"line":140,"column":8},"end":{"line":140,"column":67}},"34":{"start":{"line":145,"column":8},"end":{"line":145,"column":25}},"35":{"start":{"line":146,"column":8},"end":{"line":146,"column":46}},"36":{"start":{"line":147,"column":8},"end":{"line":147,"column":19}}},"branchMap":{"1":{"line":39,"type":"if","locations":[{"start":{"line":39,"column":8},"end":{"line":39,"column":8}},{"start":{"line":39,"column":8},"end":{"line":39,"column":8}}]},"2":{"line":45,"type":"if","locations":[{"start":{"line":45,"column":8},"end":{"line":45,"column":8}},{"start":{"line":45,"column":8},"end":{"line":45,"column":8}}]},"3":{"line":52,"type":"if","locations":[{"start":{"line":52,"column":8},"end":{"line":52,"column":8}},{"start":{"line":52,"column":8},"end":{"line":52,"column":8}}]},"4":{"line":85,"type":"if","locations":[{"start":{"line":85,"column":8},"end":{"line":85,"column":8}},{"start":{"line":85,"column":8},"end":{"line":85,"column":8}}]},"5":{"line":86,"type":"if","locations":[{"start":{"line":86,"column":8},"end":{"line":86,"column":8}},{"start":{"line":86,"column":8},"end":{"line":86,"column":8}}]},"6":{"line":93,"type":"if","locations":[{"start":{"line":93,"column":8},"end":{"line":93,"column":8}},{"start":{"line":93,"column":8},"end":{"line":93,"column":8}}]},"7":{"line":101,"type":"if","locations":[{"start":{"line":101,"column":8},"end":{"line":101,"column":8}},{"start":{"line":101,"column":8},"end":{"line":101,"column":8}}]},"8":{"line":102,"type":"if","locations":[{"start":{"line":102,"column":8},"end":{"line":102,"column":8}},{"start":{"line":102,"column":8},"end":{"line":102,"column":8}}]},"9":{"line":103,"type":"if","locations":[{"start":{"line":103,"column":8},"end":{"line":103,"column":8}},{"start":{"line":103,"column":8},"end":{"line":103,"column":8}}]},"10":{"line":103,"type":"cond-expr","locations":[{"start":{"line":103,"column":16},"end":{"line":103,"column":34}},{"start":{"line":103,"column":39},"end":{"line":103,"column":73}}]},"11":{"line":104,"type":"if","locations":[{"start":{"line":104,"column":8},"end":{"line":104,"column":8}},{"start":{"line":104,"column":8},"end":{"line":104,"column":8}}]},"12":{"line":106,"type":"if","locations":[{"start":{"line":106,"column":8},"end":{"line":106,"column":8}},{"start":{"line":106,"column":8},"end":{"line":106,"column":8}}]},"13":{"line":124,"type":"if","locations":[{"start":{"line":124,"column":71},"end":{"line":124,"column":71}},{"start":{"line":124,"column":71},"end":{"line":124,"column":71}}]},"14":{"line":125,"type":"if","locations":[{"start":{"line":125,"column":8},"end":{"line":125,"column":8}},{"start":{"line":125,"column":8},"end":{"line":125,"column":8}}]},"15":{"line":126,"type":"if","locations":[{"start":{"line":126,"column":8},"end":{"line":126,"column":8}},{"start":{"line":126,"column":8},"end":{"line":126,"column":8}}]},"16":{"line":138,"type":"if","locations":[{"start":{"line":138,"column":69},"end":{"line":138,"column":69}},{"start":{"line":138,"column":69},"end":{"line":138,"column":69}}]},"17":{"line":139,"type":"if","locations":[{"start":{"line":139,"column":8},"end":{"line":139,"column":8}},{"start":{"line":139,"column":8},"end":{"line":139,"column":8}}]},"18":{"line":140,"type":"if","locations":[{"start":{"line":140,"column":8},"end":{"line":140,"column":8}},{"start":{"line":140,"column":8},"end":{"line":140,"column":8}}]}}},"smart_contracts/SCV_UI_manager.sol":{"l":{"78":0,"79":0,"86":0,"91":0,"92":0,"96":0,"97":0,"101":0,"105":0,"112":0,"117":0,"118":0,"120":0,"121":0,"122":0,"128":0,"130":0,"131":0,"132":0,"139":0,"144":0,"145":0,"146":0,"153":0,"158":0,"159":0,"168":0,"171":0,"173":0,"174":0,"175":0,"178":0,"183":0,"185":0,"188":0,"190":0,"192":0,"195":0,"205":0,"210":0,"218":0,"221":0,"222":0,"225":0,"227":0,"232":0,"235":0,"243":0,"244":0,"246":0,"254":0,"261":0,"266":0,"267":0,"273":0,"274":0,"280":0,"289":0,"290":0,"295":0,"300":0,"301":0,"305":0,"309":0,"312":0,"314":0,"315":0,"319":0,"325":0,"326":0,"332":0,"337":0},"path":"/Users/enricotenuti/Desktop/sc/blockchain_folder/smart_contracts/SCV_UI_manager.sol","s":{"1":0,"2":0,"3":0,"4":0,"5":0,"6":0,"7":0,"8":0,"9":0,"10":0,"11":0,"12":0,"13":0,"14":0,"15":0,"16":0,"17":0,"18":0,"19":0,"20":0,"21":0,"22":0,"23":0,"24":0,"25":0,"26":0,"27":0,"28":0,"29":0,"30":0,"31":0,"32":0,"33":0,"34":0,"35":0,"36":0,"37":0,"38":0,"39":0,"40":0,"41":0,"42":0,"43":0,"44":0,"45":0,"46":0,"47":0,"48":0,"49":0,"50":0,"51":0,"52":0,"53":0,"54":0,"55":0,"56":0,"57":0,"58":0,"59":0,"60":0,"61":0,"62":0,"63":0,"64":0},"b":{"1":[0,0],"2":[0,0],"3":[0,0],"4":[0,0],"5":[0,0],"6":[0,0],"7":[0,0],"8":[0,0],"9":[0,0],"10":[0,0],"11":[0,0],"12":[0,0],"13":[0,0],"14":[0,0],"15":[0,0],"16":[0,0],"17":[0,0],"18":[0,0],"19":[0,0],"20":[0,0],"21":[0,0],"22":[0,0],"23":[0,0],"24":[0,0],"25":[0,0],"26":[0,0],"27":[0,0],"28":[0,0],"29":[0,0],"30":[0,0],"31":[0,0],"32":[0,0],"33":[0,0],"34":[0,0],"35":[0,0],"36":[0,0],"37":[0,0],"38":[0,0],"39":[0,0],"40":[0,0],"41":[0,0],"42":[0,0]},"f":{"1":0,"2":0,"3":0,"4":0,"5":0,"6":0,"7":0,"8":0,"9":0,"10":0,"11":0,"12":0,"13":0,"14":0,"15":0,"16":0,"17":0,"18":0,"19":0,"20":0,"21":0,"22":0},"fnMap":{"1":{"name":"constructor","line":77,"loc":{"start":{"line":77,"column":4},"end":{"line":81,"column":4}}},"2":{"name":null,"line":84,"loc":{"start":{"line":84,"column":4},"end":{"line":87,"column":4}}},"3":{"name":"onlyOwner","line":90,"loc":{"start":{"line":90,"column":4},"end":{"line":93,"column":4}}},"4":{"name":"onlyWhitelistedEntity","line":95,"loc":{"start":{"line":95,"column":4},"end":{"line":98,"column":4}}},"5":{"name":"storageManagerSet","line":100,"loc":{"start":{"line":100,"column":4},"end":{"line":106,"column":4}}},"6":{"name":"certifiedWhitelisted","line":109,"loc":{"start":{"line":109,"column":4},"end":{"line":113,"column":4}}},"7":{"name":"addWhiteListEntity","line":116,"loc":{"start":{"line":114,"column":4},"end":{"line":123,"column":4}}},"8":{"name":"removeWhiteListEntity","line":127,"loc":{"start":{"line":125,"column":4},"end":{"line":133,"column":4}}},"9":{"name":"setStorageManager","line":138,"loc":{"start":{"line":136,"column":4},"end":{"line":147,"column":4}}},"10":{"name":"setTokenManager","line":152,"loc":{"start":{"line":150,"column":4},"end":{"line":160,"column":4}}},"11":{"name":"storeCertificate","line":167,"loc":{"start":{"line":163,"column":4},"end":{"line":206,"column":4}}},"12":{"name":"isWhitelisted","line":209,"loc":{"start":{"line":209,"column":4},"end":{"line":211,"column":4}}},"13":{"name":"getCertificateInfo","line":216,"loc":{"start":{"line":214,"column":4},"end":{"line":236,"column":4}}},"14":{"name":"getCertificateInfoView","line":241,"loc":{"start":{"line":239,"column":4},"end":{"line":247,"column":4}}},"15":{"name":"getAllCertificates","line":250,"loc":{"start":{"line":250,"column":4},"end":{"line":255,"column":4}}},"16":{"name":"getNumCertificates","line":257,"loc":{"start":{"line":257,"column":4},"end":{"line":262,"column":4}}},"17":{"name":"getUserTokenBalance","line":265,"loc":{"start":{"line":265,"column":4},"end":{"line":268,"column":4}}},"18":{"name":"newUser","line":272,"loc":{"start":{"line":270,"column":4},"end":{"line":281,"column":4}}},"19":{"name":"transferTokens","line":285,"loc":{"start":{"line":285,"column":4},"end":{"line":296,"column":4}}},"20":{"name":"buyTokens","line":299,"loc":{"start":{"line":299,"column":4},"end":{"line":327,"column":4}}},"21":{"name":"burnUserTokens","line":331,"loc":{"start":{"line":331,"column":4},"end":{"line":333,"column":4}}},"22":{"name":"mintUserTokens","line":336,"loc":{"start":{"line":336,"column":4},"end":{"line":338,"column":4}}}},"statementMap":{"1":{"start":{"line":78,"column":8},"end":{"line":78,"column":61}},"2":{"start":{"line":86,"column":8},"end":{"line":86,"column":38}},"3":{"start":{"line":91,"column":8},"end":{"line":91,"column":65}},"4":{"start":{"line":96,"column":8},"end":{"line":96,"column":92}},"5":{"start":{"line":101,"column":8},"end":{"line":101,"column":4157}},"6":{"start":{"line":112,"column":8},"end":{"line":112,"column":45}},"7":{"start":{"line":117,"column":8},"end":{"line":117,"column":56}},"8":{"start":{"line":118,"column":8},"end":{"line":118,"column":77}},"9":{"start":{"line":121,"column":8},"end":{"line":121,"column":39}},"10":{"start":{"line":122,"column":8},"end":{"line":122,"column":19}},"11":{"start":{"line":128,"column":8},"end":{"line":128,"column":73}},"12":{"start":{"line":131,"column":8},"end":{"line":131,"column":48}},"13":{"start":{"line":132,"column":8},"end":{"line":132,"column":19}},"14":{"start":{"line":139,"column":8},"end":{"line":139,"column":5290}},"15":{"start":{"line":145,"column":8},"end":{"line":145,"column":58}},"16":{"start":{"line":146,"column":8},"end":{"line":146,"column":19}},"17":{"start":{"line":153,"column":8},"end":{"line":153,"column":5716}},"18":{"start":{"line":159,"column":8},"end":{"line":159,"column":20}},"19":{"start":{"line":168,"column":8},"end":{"line":168,"column":64}},"20":{"start":{"line":171,"column":8},"end":{"line":171,"column":80}},"21":{"start":{"line":173,"column":8},"end":{"line":173,"column":56}},"22":{"start":{"line":174,"column":8},"end":{"line":174,"column":55}},"23":{"start":{"line":175,"column":8},"end":{"line":175,"column":62}},"24":{"start":{"line":178,"column":8},"end":{"line":178,"column":6632}},"25":{"start":{"line":183,"column":8},"end":{"line":183,"column":56}},"26":{"start":{"line":185,"column":8},"end":{"line":185,"column":74}},"27":{"start":{"line":188,"column":8},"end":{"line":188,"column":6956}},"28":{"start":{"line":190,"column":12},"end":{"line":190,"column":7016}},"29":{"start":{"line":192,"column":16},"end":{"line":192,"column":62}},"30":{"start":{"line":195,"column":16},"end":{"line":195,"column":45}},"31":{"start":{"line":205,"column":8},"end":{"line":205,"column":19}},"32":{"start":{"line":210,"column":8},"end":{"line":210,"column":45}},"33":{"start":{"line":218,"column":8},"end":{"line":218,"column":80}},"34":{"start":{"line":221,"column":8},"end":{"line":221,"column":80}},"35":{"start":{"line":222,"column":8},"end":{"line":222,"column":74}},"36":{"start":{"line":225,"column":8},"end":{"line":225,"column":76}},"37":{"start":{"line":227,"column":8},"end":{"line":227,"column":8460}},"38":{"start":{"line":232,"column":8},"end":{"line":232,"column":77}},"39":{"start":{"line":235,"column":8},"end":{"line":235,"column":72}},"40":{"start":{"line":243,"column":8},"end":{"line":243,"column":80}},"41":{"start":{"line":244,"column":8},"end":{"line":244,"column":74}},"42":{"start":{"line":246,"column":8},"end":{"line":246,"column":72}},"43":{"start":{"line":254,"column":8},"end":{"line":254,"column":50}},"44":{"start":{"line":261,"column":8},"end":{"line":261,"column":51}},"45":{"start":{"line":266,"column":8},"end":{"line":266,"column":76}},"46":{"start":{"line":267,"column":8},"end":{"line":267,"column":44}},"47":{"start":{"line":273,"column":8},"end":{"line":273,"column":59}},"48":{"start":{"line":274,"column":8},"end":{"line":274,"column":10660}},"49":{"start":{"line":280,"column":8},"end":{"line":280,"column":63}},"50":{"start":{"line":289,"column":8},"end":{"line":289,"column":62}},"51":{"start":{"line":290,"column":8},"end":{"line":290,"column":11220}},"52":{"start":{"line":295,"column":8},"end":{"line":295,"column":50}},"53":{"start":{"line":300,"column":8},"end":{"line":300,"column":62}},"54":{"start":{"line":301,"column":8},"end":{"line":301,"column":76}},"55":{"start":{"line":305,"column":8},"end":{"line":305,"column":11750}},"56":{"start":{"line":309,"column":8},"end":{"line":309,"column":74}},"57":{"start":{"line":312,"column":8},"end":{"line":312,"column":12021}},"58":{"start":{"line":314,"column":12},"end":{"line":314,"column":88}},"59":{"start":{"line":315,"column":12},"end":{"line":315,"column":89}},"60":{"start":{"line":319,"column":8},"end":{"line":319,"column":12407}},"61":{"start":{"line":325,"column":8},"end":{"line":325,"column":75}},"62":{"start":{"line":326,"column":8},"end":{"line":326,"column":19}},"63":{"start":{"line":332,"column":8},"end":{"line":332,"column":38}},"64":{"start":{"line":337,"column":8},"end":{"line":337,"column":38}}},"branchMap":{"1":{"line":78,"type":"if","locations":[{"start":{"line":78,"column":8},"end":{"line":78,"column":8}},{"start":{"line":78,"column":8},"end":{"line":78,"column":8}}]},"2":{"line":91,"type":"if","locations":[{"start":{"line":91,"column":8},"end":{"line":91,"column":8}},{"start":{"line":91,"column":8},"end":{"line":91,"column":8}}]},"3":{"line":96,"type":"if","locations":[{"start":{"line":96,"column":8},"end":{"line":96,"column":8}},{"start":{"line":96,"column":8},"end":{"line":96,"column":8}}]},"4":{"line":101,"type":"if","locations":[{"start":{"line":101,"column":8},"end":{"line":101,"column":8}},{"start":{"line":101,"column":8},"end":{"line":101,"column":8}}]},"5":{"line":116,"type":"if","locations":[{"start":{"line":116,"column":15},"end":{"line":116,"column":15}},{"start":{"line":116,"column":15},"end":{"line":116,"column":15}}]},"6":{"line":117,"type":"if","locations":[{"start":{"line":117,"column":8},"end":{"line":117,"column":8}},{"start":{"line":117,"column":8},"end":{"line":117,"column":8}}]},"7":{"line":118,"type":"if","locations":[{"start":{"line":118,"column":8},"end":{"line":118,"column":8}},{"start":{"line":118,"column":8},"end":{"line":118,"column":8}}]},"8":{"line":127,"type":"if","locations":[{"start":{"line":127,"column":15},"end":{"line":127,"column":15}},{"start":{"line":127,"column":15},"end":{"line":127,"column":15}}]},"9":{"line":128,"type":"if","locations":[{"start":{"line":128,"column":8},"end":{"line":128,"column":8}},{"start":{"line":128,"column":8},"end":{"line":128,"column":8}}]},"10":{"line":138,"type":"if","locations":[{"start":{"line":138,"column":15},"end":{"line":138,"column":15}},{"start":{"line":138,"column":15},"end":{"line":138,"column":15}}]},"11":{"line":139,"type":"if","locations":[{"start":{"line":139,"column":8},"end":{"line":139,"column":8}},{"start":{"line":139,"column":8},"end":{"line":139,"column":8}}]},"12":{"line":152,"type":"if","locations":[{"start":{"line":152,"column":15},"end":{"line":152,"column":15}},{"start":{"line":152,"column":15},"end":{"line":152,"column":15}}]},"13":{"line":153,"type":"if","locations":[{"start":{"line":153,"column":8},"end":{"line":153,"column":8}},{"start":{"line":153,"column":8},"end":{"line":153,"column":8}}]},"14":{"line":167,"type":"if","locations":[{"start":{"line":167,"column":13},"end":{"line":167,"column":13}},{"start":{"line":167,"column":13},"end":{"line":167,"column":13}}]},"15":{"line":167,"type":"if","locations":[{"start":{"line":167,"column":35},"end":{"line":167,"column":35}},{"start":{"line":167,"column":35},"end":{"line":167,"column":35}}]},"16":{"line":173,"type":"if","locations":[{"start":{"line":173,"column":8},"end":{"line":173,"column":8}},{"start":{"line":173,"column":8},"end":{"line":173,"column":8}}]},"17":{"line":174,"type":"if","locations":[{"start":{"line":174,"column":8},"end":{"line":174,"column":8}},{"start":{"line":174,"column":8},"end":{"line":174,"column":8}}]},"18":{"line":175,"type":"if","locations":[{"start":{"line":175,"column":8},"end":{"line":175,"column":8}},{"start":{"line":175,"column":8},"end":{"line":175,"column":8}}]},"19":{"line":183,"type":"if","locations":[{"start":{"line":183,"column":8},"end":{"line":183,"column":8}},{"start":{"line":183,"column":8},"end":{"line":183,"column":8}}]},"20":{"line":188,"type":"if","locations":[{"start":{"line":188,"column":8},"end":{"line":188,"column":8}},{"start":{"line":188,"column":8},"end":{"line":188,"column":8}}]},"21":{"line":216,"type":"if","locations":[{"start":{"line":216,"column":15},"end":{"line":216,"column":15}},{"start":{"line":216,"column":15},"end":{"line":216,"column":15}}]},"22":{"line":221,"type":"if","locations":[{"start":{"line":221,"column":8},"end":{"line":221,"column":8}},{"start":{"line":221,"column":8},"end":{"line":221,"column":8}}]},"23":{"line":222,"type":"if","locations":[{"start":{"line":222,"column":8},"end":{"line":222,"column":8}},{"start":{"line":222,"column":8},"end":{"line":222,"column":8}}]},"24":{"line":225,"type":"if","locations":[{"start":{"line":225,"column":8},"end":{"line":225,"column":8}},{"start":{"line":225,"column":8},"end":{"line":225,"column":8}}]},"25":{"line":227,"type":"if","locations":[{"start":{"line":227,"column":8},"end":{"line":227,"column":8}},{"start":{"line":227,"column":8},"end":{"line":227,"column":8}}]},"26":{"line":241,"type":"if","locations":[{"start":{"line":241,"column":20},"end":{"line":241,"column":20}},{"start":{"line":241,"column":20},"end":{"line":241,"column":20}}]},"27":{"line":244,"type":"if","locations":[{"start":{"line":244,"column":8},"end":{"line":244,"column":8}},{"start":{"line":244,"column":8},"end":{"line":244,"column":8}}]},"28":{"line":250,"type":"if","locations":[{"start":{"line":250,"column":48},"end":{"line":250,"column":48}},{"start":{"line":250,"column":48},"end":{"line":250,"column":48}}]},"29":{"line":257,"type":"if","locations":[{"start":{"line":257,"column":48},"end":{"line":257,"column":48}},{"start":{"line":257,"column":48},"end":{"line":257,"column":48}}]},"30":{"line":266,"type":"if","locations":[{"start":{"line":266,"column":8},"end":{"line":266,"column":8}},{"start":{"line":266,"column":8},"end":{"line":266,"column":8}}]},"31":{"line":272,"type":"if","locations":[{"start":{"line":272,"column":15},"end":{"line":272,"column":15}},{"start":{"line":272,"column":15},"end":{"line":272,"column":15}}]},"32":{"line":273,"type":"if","locations":[{"start":{"line":273,"column":8},"end":{"line":273,"column":8}},{"start":{"line":273,"column":8},"end":{"line":273,"column":8}}]},"33":{"line":274,"type":"if","locations":[{"start":{"line":274,"column":8},"end":{"line":274,"column":8}},{"start":{"line":274,"column":8},"end":{"line":274,"column":8}}]},"34":{"line":289,"type":"if","locations":[{"start":{"line":289,"column":8},"end":{"line":289,"column":8}},{"start":{"line":289,"column":8},"end":{"line":289,"column":8}}]},"35":{"line":290,"type":"if","locations":[{"start":{"line":290,"column":8},"end":{"line":290,"column":8}},{"start":{"line":290,"column":8},"end":{"line":290,"column":8}}]},"36":{"line":300,"type":"if","locations":[{"start":{"line":300,"column":8},"end":{"line":300,"column":8}},{"start":{"line":300,"column":8},"end":{"line":300,"column":8}}]},"37":{"line":301,"type":"if","locations":[{"start":{"line":301,"column":8},"end":{"line":301,"column":8}},{"start":{"line":301,"column":8},"end":{"line":301,"column":8}}]},"38":{"line":305,"type":"if","locations":[{"start":{"line":305,"column":8},"end":{"line":305,"column":8}},{"start":{"line":305,"column":8},"end":{"line":305,"column":8}}]},"39":{"line":312,"type":"if","locations":[{"start":{"line":312,"column":8},"end":{"line":312,"column":8}},{"start":{"line":312,"column":8},"end":{"line":312,"column":8}}]},"40":{"line":319,"type":"if","locations":[{"start":{"line":319,"column":8},"end":{"line":319,"column":8}},{"start":{"line":319,"column":8},"end":{"line":319,"column":8}}]},"41":{"line":331,"type":"if","locations":[{"start":{"line":331,"column":65},"end":{"line":331,"column":65}},{"start":{"line":331,"column":65},"end":{"line":331,"column":65}}]},"42":{"line":336,"type":"if","locations":[{"start":{"line":336,"column":65},"end":{"line":336,"column":65}},{"start":{"line":336,"column":65},"end":{"line":336,"column":65}}]}}}}